  main.cpp
C:\Users\Darius\source\repos\PG-Project\PG-Project\main.cpp(162,13): warning C4244: 'initializing': conversion from 'int' to 'float', possible loss of data
C:\Users\Darius\source\repos\PG-Project\PG-Project\main.cpp(163,13): warning C4244: 'initializing': conversion from 'int' to 'float', possible loss of data
C:\Users\Darius\source\repos\PG-Project\PG-Project\main.cpp(929,11): warning C4244: '=': conversion from 'double' to 'float', possible loss of data
C:\Users\Darius\source\repos\PG-Project\PG-Project\main.cpp(930,11): warning C4244: '=': conversion from 'double' to 'float', possible loss of data
C:\Users\Darius\source\repos\PG-Project\PG-Project\main.cpp(934,16): warning C4244: 'initializing': conversion from 'double' to 'float', possible loss of data
C:\Users\Darius\source\repos\PG-Project\PG-Project\main.cpp(935,16): warning C4244: 'initializing': conversion from 'double' to 'float', possible loss of data
C:\Users\Darius\source\repos\PG-Project\PG-Project\main.cpp(936,10): warning C4244: '=': conversion from 'double' to 'float', possible loss of data
C:\Users\Darius\source\repos\PG-Project\PG-Project\main.cpp(937,10): warning C4244: '=': conversion from 'double' to 'float', possible loss of data
C:\Users\Darius\source\repos\PG-Project\PG-Project\main.cpp(1623,13): warning C4244: 'initializing': conversion from 'double' to 'float', possible loss of data
C:\Users\Darius\source\repos\PG-Project\PG-Project\main.cpp(2090,25): warning C4244: 'initializing': conversion from 'double' to 'float', possible loss of data
C:\Users\Darius\source\repos\PG-Project\PG-Project\main.cpp(2251,25): warning C4244: 'initializing': conversion from 'double' to 'float', possible loss of data
C:\Users\Darius\source\repos\PG-Project\PG-Project\main.cpp(2371,25): warning C4244: 'initializing': conversion from 'double' to 'float', possible loss of data
C:\Users\Darius\source\repos\PG-Project\PG-Project\main.cpp(2493,25): warning C4244: 'initializing': conversion from 'double' to 'float', possible loss of data
C:\Users\Darius\source\repos\PG-Project\PG-Project\main.cpp(2645,26): warning C4244: 'initializing': conversion from 'double' to 'float', possible loss of data
  Generating code
  10 of 1986 functions ( 0.5%) were compiled, the rest were copied from previous compilation.
    0 functions were new in current compilation
    30 functions had inline decision re-evaluated but remain unchanged
  Finished generating code
  PG-Project.vcxproj -> C:\Users\Darius\source\repos\PG-Project\x64\Release\PG-Project.exe
